<?xml version="1.0" encoding="UTF-8"?>
<testng-results skipped="0" failed="0" ignored="0" total="1" passed="1">
  <reporter-output>
  </reporter-output>
  <suite name="Default suite" duration-ms="8942" started-at="2020-07-07T19:23:50Z" finished-at="2020-07-07T19:23:59Z">
    <groups>
    </groups>
    <test name="Default test" duration-ms="8942" started-at="2020-07-07T19:23:50Z" finished-at="2020-07-07T19:23:59Z">
      <class name="Day1.RobotExercise">
        <test-method status="PASS" signature="beforeTest()[pri:0, instance:Day1.RobotExercise@4501b7af]" name="beforeTest" is-config="true" duration-ms="8819" started-at="2020-07-07T19:23:50Z" finished-at="2020-07-07T19:23:58Z">
          <reporter-output>
          </reporter-output>
        </test-method> <!-- beforeTest -->
        <test-method status="PASS" signature="robotdemo()[pri:0, instance:Day1.RobotExercise@4501b7af]" name="robotdemo" duration-ms="95" started-at="2020-07-07T19:23:58Z" finished-at="2020-07-07T19:23:59Z">
          <reporter-output>
          </reporter-output>
        </test-method> <!-- robotdemo -->
        <test-method status="PASS" signature="afterTest()[pri:0, instance:Day1.RobotExercise@4501b7af]" name="afterTest" is-config="true" duration-ms="1" started-at="2020-07-07T19:23:59Z" finished-at="2020-07-07T19:23:59Z">
          <reporter-output>
          </reporter-output>
        </test-method> <!-- afterTest -->
      </class> <!-- Day1.RobotExercise -->
    </test> <!-- Default test -->
  </suite> <!-- Default suite -->
</testng-results>
